<?xml version="1.0" encoding="UTF-8"?>
<!-- Generated by org.testng.reporters.JUnitReportReporter -->
<testsuite hostname="MT-YJTANG-DESKT" failures="0" tests="1" name="com.upgrade.challenge.testing.Web.tests.smoke" time="36.211" errors="0" timestamp="25 Jul 2019 23:23:17 GMT" skipped="0">
  <testcase classname="com.upgrade.challenge.testing.Web.tests.smoke" name="test01" time="36.211"/>
</testsuite> <!-- com.upgrade.challenge.testing.Web.tests.smoke -->
